[2026-06-26 13:42:34.807] [info] Zonation 5 v2.4
[2026-06-26 13:42:34.997] [info] Arguments given: -w --mode=ABF --gui minimal_settings.z5 out_GBI_results
[2026-06-26 13:42:35.002] [info] Using 8-bit quantization
[2026-06-26 13:42:35.009] [info] Using 24 threads for computation
[2026-06-26 13:42:35.012] [info] Loading project "minimal_settings.z5"
[2026-06-26 13:42:35.016] [info] Using setting: feature list file = features_example1.txt
[2026-06-26 13:42:35.018] [info] Using default setting: curves output interval = 9.99999975e-05
[2026-06-26 13:42:35.019] [info] Using default setting: max iterations = 500
[2026-06-26 13:42:35.020] [info] Using default setting: mean ranking error threshold = 0.00999999978
[2026-06-26 13:42:35.021] [info] Using default setting: smoothing factor = 0
[2026-06-26 13:42:35.021] [info] Using default setting: stop on plateau = 0
[2026-06-26 13:42:35.022] [info] Using default setting: zero mode = all
[2026-06-26 13:42:35.022] [info] Using default setting: stop after preprocessing = 0
[2026-06-26 13:42:35.023] [info] Using default setting: quantization error warning threshold = 20
[2026-06-26 13:42:35.024] [info] Loading feature layer information from "C:\Users\user\Desktop\HiQBioDiv\GBI_svarosana_HiQBioDiv\pirmais\features_example1.txt"
[2026-06-26 13:42:35.040] [info] Validating project
[2026-06-26 13:42:35.046] [info] Reading layer data
[2026-06-26 13:42:35.062] [info] Gathering data statistics
[2026-06-26 13:42:36.701] [info] Map dimensions (width * height): 4700*2789
[2026-06-26 13:42:36.702] [info] Number of grid cells in map (width * height): 13108300
[2026-06-26 13:42:36.707] [info] Number of grid cells in map with data: 6468604
[2026-06-26 13:42:36.710] [info] Input feature layer count: 11
[2026-06-26 13:42:36.713] [info] Feature layer count: 11
[2026-06-26 13:42:36.716] [info] Positive weight feature count: 11
[2026-06-26 13:42:36.720] [info] Negative weight feature count: 0
[2026-06-26 13:42:36.723] [info] Zero weight feature count: 0
[2026-06-26 13:42:36.726] [info] Total number of pixels with data across features: 71154644
[2026-06-26 13:42:36.730] [info] Reading feature layers
[2026-06-26 13:42:41.751] [info] 74.2%
[2026-06-26 13:42:43.258] [info] Mean feature extent across study area: 94.77%
[2026-06-26 13:42:43.260] [info] Memory usage of feature data: 130.73MB
[2026-06-26 13:42:43.263] [info] Mean quantization error: 0.0157143%
[2026-06-26 13:42:43.273] [info] Time used to read and preprocess layer data: 8s
[2026-06-26 13:42:43.280] [info] Computing priority rank
[2026-06-26 13:42:44.898] [info] Iteration 0, mean ranking error 1.94958%, mean rank change 0.627999%
[2026-06-26 13:42:46.283] [info] Iteration 1, mean ranking error 1.07199%, mean rank change 0.278218%
[2026-06-26 13:42:47.677] [info] Iteration 2, mean ranking error 0.622108%, mean rank change 0.128047%
[2026-06-26 13:42:49.112] [info] Iteration 3, mean ranking error 0.380749%, mean rank change 0.0626047%
[2026-06-26 13:42:50.567] [info] Iteration 4, mean ranking error 0.244765%, mean rank change 0.0327565%
[2026-06-26 13:42:52.068] [info] Iteration 5, mean ranking error 0.163462%, mean rank change 0.0182742%
[2026-06-26 13:42:53.586] [info] Iteration 6, mean ranking error 0.113125%, mean rank change 0.0108007%
[2026-06-26 13:42:55.067] [info] Iteration 7, mean ranking error 0.0806033%, mean rank change 0.00671740%
[2026-06-26 13:42:56.551] [info] Iteration 8, mean ranking error 0.0589402%, mean rank change 0.00435429%
[2026-06-26 13:42:58.054] [info] Iteration 9, mean ranking error 0.0439959%, mean rank change 0.00291967%
[2026-06-26 13:42:59.494] [info] Iteration 10, mean ranking error 0.0334448%, mean rank change 0.00201438%
[2026-06-26 13:43:00.952] [info] Iteration 11, mean ranking error 0.0258417%, mean rank change 0.00142378%
[2026-06-26 13:43:02.411] [info] Iteration 12, mean ranking error 0.0203485%, mean rank change 0.00102757%
[2026-06-26 13:43:03.884] [info] Iteration 13, mean ranking error 0.0161746%, mean rank change 0.000755099%
[2026-06-26 13:43:05.335] [info] Iteration 14, mean ranking error 0.0129783%, mean rank change 0.000563601%
[2026-06-26 13:43:06.794] [info] Iteration 15, mean ranking error 0.0105800%, mean rank change 0.000426569%
[2026-06-26 13:43:08.295] [info] Iteration 16, mean ranking error 0.00868001%, mean rank change 0.000326759%
[2026-06-26 13:43:08.390] [info] Time used in prioritization: 25s
[2026-06-26 13:43:08.393] [info] Number of iterations: 17
[2026-06-26 13:43:08.400] [info] Final convergence level: 0.00868001%
[2026-06-26 13:43:08.404] [info] Area under curve: 0.640316
[2026-06-26 13:43:08.411] [info] Writing feature info
[2026-06-26 13:43:08.417] [info] Writing feature curves
[2026-06-26 13:43:08.528] [info] Writing priority rank map
[2026-06-26 13:43:09.100] [info] Total time used: 34s
[2026-06-26 13:43:09.111] [info] Number of errors: 0
[2026-06-26 13:43:09.118] [info] Number of warnings: 0
[2026-06-26 13:43:09.124] [info] Done
